62
DocsUltrav2
BakhodirB NellyM ClementA NellyW PrzemekM PrabhakarM FionaA JenL
MoonXv3
SergeyY PetarM
BloggerProv9
ThomasE
DatasetSearchLitev6
PrzemekP MaxA BenjaminJ ClementJ TatiyanaC SundarI PhilippK PetarN HiroshiM
VoiceZv6
HiroshiQ HiroshiL
FeedBurnerLitev8
SundarX BenjaminL PrabhakarE
StreetViewXv9
ThomasN StefanX MaxH ThomasU NellyI
AndroidAutoZv1
PetarV HiroshiL
ScholarZv1
SusanR MichalQ PrzemekP LarryU
TravelZv6
ThomasL PetarA LarryI NellyI NellyC PrzemekF
StreetViewMaxv8
PetarA
FinanceXv5
ClementV
CollectionsProv5
HiroshiT SundarD MaxE
LoggingXv4
SergeyJ BakhodirF MaxK
CalendarLitev5
ThomasN TatiyanaO PrabhakarB BakhodirA
ChatLitev6
NellyV MaxM NellyD ClementI ThomasO StefanH ThomasE PrabhakarB PetarJ SusanY StepanK LarryC
NewsMaxv1
TatiyanaT
CurrentsProv7
SusanT
DataSv9
FionaK RuthF TatiyanaX MaxA PrabhakarA SundarX BenjaminN TatiyanaG BakhodirD PhilippJ
SearchUltrav8
SergeyG PhilippI HiroshiL
ClassroomXv9
LarryG StepanK
BuildProv1
TatiyanaT
StreetViewXv2
StepanJ PrzemekF PetarM
SheetsZv4
RuthF SergeyR
MapsNextv5
PrzemekR FionaZ
GroupsZv8
BakhodirL PetarI TatiyanaC MichalV ThomasE
LearnProv8
JenI
AssistantMaxv9
ThomasQ
PixelProv1
MatasF
NewsXv5
SundarV PrzemekH
FeedBurnerProv6
SusanR NellyI BakhodirD SergeyY BakhodirA
AndroidTVLitev7
StepanJ LarryO JenE TatiyanaZ MatasH NellyM BakhodirM PrzemekM StefanA
TravelProv6
PhilippJ
CodeZv4
SusanR BenjaminR
CurrentsProv2
StepanJ
CastOSSv6
SusanH HiroshiI HiroshiT
DuoMaxv1
BenjaminL PetarJ MaxF BenjaminG TatiyanaT LarryD ClementV NellyD MatasY SergeyR
ConnectXv3
StefanG
SkyProv4
MichalZ ThomasQ
KeepXv1
PrabhakarA
SkyZv5
SundarM
FinanceMaxv7
LarryN StepanU HiroshiL ThomasT SusanT
CurrentsXv1
BakhodirF
KeepNextv4
PrabhakarN
DreamNextv6
PrzemekC StepanU StefanA PrzemekP MatasY
ChromeLitev4
LarryU MichalY PrabhakarA
FuchsiaProv7
BenjaminJ ClementI BakhodirQ
PatentsMaxv2
PhilippO NellyU MatasR MatasP TatiyanaO RuthJ MichalV BakhodirG ThomasE LarryC
ArtsNextv5
StepanD HiroshiQ ClementJ TatiyanaG FionaA TatiyanaC TatiyanaB RuthO PetarO StefanG
DataNextv9
ClementO PrabhakarN HiroshiI JenE PrzemekM FionaZ JenF StepanK PrzemekH BenjaminR LarryZ TatiyanaI NellyU SergeyA MaxK HiroshiD PetarV BenjaminY SergeyQ SergeyK LarryD TatiyanaX PhilippC JenS ThomasI
TravelUltrav3
PetarR JenE
CollectionsUltrav9
StefanK SundarA
FormsUltrav3
ThomasL MatasF HiroshiI NellyU StepanG PetarN TatiyanaA StepanO
PixelSv6
PrzemekF ThomasN SundarM
ScholarXv6
SundarD StefanK PrabhakarC LarryJ RuthB SundarA RuthF JenL MatasK BakhodirG JenR TatiyanaP
ChartsMaxv5
HiroshiR StefanY MichalY SusanK FionaT
SantaTrackerProv9
PrzemekV
SlidesProv5
SergeyQ LarryZ
DaydreamMaxv4
ThomasQ
MoonUltrav4
LarryN
ReleaseLitev7
RuthT SergeyW FionaV MaxO
ClassroomSv2
RuthX